<?xml version="1.0" encoding="UTF-8"?>
<!-- Generated by org.testng.reporters.JUnitReportReporter -->
<testsuite skipped="0" hostname="Ponsankar" name="org.sample.Testng" tests="2" failures="0" timestamp="10 Nov 2019 06:51:28 GMT" time="5.441" errors="0">
  <testcase name="ztest" time="5.083" classname="org.sample.Testng"/>
  <testcase name="atest" time="0.358" classname="org.sample.Testng"/>
</testsuite> <!-- org.sample.Testng -->
